0 info it worked if it ends with ok
1 verbose cli [ '/usr/local/Cellar/node/9.3.0_1/bin/node',
1 verbose cli   '/usr/local/bin/npm',
1 verbose cli   'run',
1 verbose cli   'lint',
1 verbose cli   '--',
1 verbose cli   '-f',
1 verbose cli   'compact',
1 verbose cli   '../database/userTable.js' ]
2 info using npm@3.10.8
3 info using node@v7.0.0-nightly20160930f5d997c476
4 verbose stack Error: missing script: lint
4 verbose stack     at run (/usr/local/lib/node_modules/npm/lib/run-script.js:151:19)
4 verbose stack     at /usr/local/lib/node_modules/npm/lib/run-script.js:61:5
4 verbose stack     at /usr/local/lib/node_modules/npm/node_modules/read-package-json/read-json.js:356:5
4 verbose stack     at checkBinReferences_ (/usr/local/lib/node_modules/npm/node_modules/read-package-json/read-json.js:320:45)
4 verbose stack     at final (/usr/local/lib/node_modules/npm/node_modules/read-package-json/read-json.js:354:3)
4 verbose stack     at then (/usr/local/lib/node_modules/npm/node_modules/read-package-json/read-json.js:124:5)
4 verbose stack     at /usr/local/lib/node_modules/npm/node_modules/read-package-json/read-json.js:311:12
4 verbose stack     at /usr/local/lib/node_modules/npm/node_modules/graceful-fs/graceful-fs.js:78:16
4 verbose stack     at tryToString (fs.js:415:3)
4 verbose stack     at FSReqWrap.readFileAfterClose [as oncomplete] (fs.js:402:12)
5 verbose cwd /Users/tall154215452/Desktop/PlaylistExplore/routes
6 error Darwin 17.3.0
7 error argv "/usr/local/Cellar/node/9.3.0_1/bin/node" "/usr/local/bin/npm" "run" "lint" "--" "-f" "compact" "../database/userTable.js"
8 error node v7.0.0-nightly20160930f5d997c476
9 error npm  v3.10.8
10 error missing script: lint
11 error If you need help, you may report this error at:
11 error     <https://github.com/npm/npm/issues>
12 verbose exit [ 1, true ]
